# JRE version: Java(TM) SE Runtime Environment (8.0_381) (build 1.8.0_381-b09)
# Java VM: Java HotSpot(TM) 64-Bit Server VM (25.381-b09 mixed mode windows-amd64 compressed oops)
Heap:
 PSYoungGen      total 217088K, used 100957K [0x00000000eab00000, 0x00000000fb400000, 0x0000000100000000)
  eden space 196608K, 51% used [0x00000000eab00000,0x00000000f0d975f0,0x00000000f6b00000)
  from space 20480K, 0% used [0x00000000f6b00000,0x00000000f6b00000,0x00000000f7f00000)
  to   space 20480K, 0% used [0x00000000fa000000,0x00000000fa000000,0x00000000fb400000)
 ParOldGen       total 196096K, used 31009K [0x00000000c0000000, 0x00000000cbf80000, 0x00000000eab00000)
  object space 196096K, 15% used [0x00000000c0000000,0x00000000c1e487f8,0x00000000cbf80000)
 Metaspace       used 95716K, capacity 106397K, committed 106560K, reserved 1140736K
  class space    used 13586K, capacity 14602K, committed 14656K, reserved 1048576K
GC Heap History (10 events):
Event: 21.214 GC heap before
{Heap before GC invocations=13 (full 3):
 PSYoungGen      total 167424K, used 156474K [0x00000000eab00000, 0x00000000f7880000, 0x0000000100000000)
  eden space 156672K, 99% used [0x00000000eab00000,0x00000000f43ceb20,0x00000000f4400000)
  from space 10752K, 0% used [0x00000000f4400000,0x00000000f4400000,0x00000000f4e80000)
  to   space 12288K, 0% used [0x00000000f6c80000,0x00000000f6c80000,0x00000000f7880000)
 ParOldGen       total 132608K, used 18893K [0x00000000c0000000, 0x00000000c8180000, 0x00000000eab00000)
  object space 132608K, 14% used [0x00000000c0000000,0x00000000c1273628,0x00000000c8180000)
 Metaspace       used 58168K, capacity 65345K, committed 65536K, reserved 1105920K
  class space    used 8386K, capacity 9171K, committed 9216K, reserved 1048576K
Event: 21.220 GC heap after
Heap after GC invocations=13 (full 3):
 PSYoungGen      total 184832K, used 5223K [0x00000000eab00000, 0x00000000f7200000, 0x0000000100000000)
  eden space 179200K, 0% used [0x00000000eab00000,0x00000000eab00000,0x00000000f5a00000)
  from space 5632K, 92% used [0x00000000f6c80000,0x00000000f7199d28,0x00000000f7200000)
  to   space 12288K, 0% used [0x00000000f5a00000,0x00000000f5a00000,0x00000000f6600000)
 ParOldGen       total 132608K, used 18901K [0x00000000c0000000, 0x00000000c8180000, 0x00000000eab00000)
  object space 132608K, 14% used [0x00000000c0000000,0x00000000c1275628,0x00000000c8180000)
 Metaspace       used 58168K, capacity 65345K, committed 65536K, reserved 1105920K
  class space    used 8386K, capacity 9171K, committed 9216K, reserved 1048576K
}
Event: 31.270 GC heap before
{Heap before GC invocations=14 (full 3):
 PSYoungGen      total 184832K, used 184423K [0x00000000eab00000, 0x00000000f7200000, 0x0000000100000000)
  eden space 179200K, 100% used [0x00000000eab00000,0x00000000f5a00000,0x00000000f5a00000)
  from space 5632K, 92% used [0x00000000f6c80000,0x00000000f7199d28,0x00000000f7200000)
  to   space 12288K, 0% used [0x00000000f5a00000,0x00000000f5a00000,0x00000000f6600000)
 ParOldGen       total 132608K, used 18901K [0x00000000c0000000, 0x00000000c8180000, 0x00000000eab00000)
  object space 132608K, 14% used [0x00000000c0000000,0x00000000c1275628,0x00000000c8180000)
 Metaspace       used 70524K, capacity 78959K, committed 79232K, reserved 1118208K
  class space    used 9943K, capacity 10834K, committed 10880K, reserved 1048576K
Event: 31.284 GC heap after
Heap after GC invocations=14 (full 3):
 PSYoungGen      total 191488K, used 12283K [0x00000000eab00000, 0x00000000f8e80000, 0x0000000100000000)
  eden space 179200K, 0% used [0x00000000eab00000,0x00000000eab00000,0x00000000f5a00000)
  from space 12288K, 99% used [0x00000000f5a00000,0x00000000f65feef0,0x00000000f6600000)
  to   space 15872K, 0% used [0x00000000f7f00000,0x00000000f7f00000,0x00000000f8e80000)
 ParOldGen       total 132608K, used 24037K [0x00000000c0000000, 0x00000000c8180000, 0x00000000eab00000)
  object space 132608K, 18% used [0x00000000c0000000,0x00000000c17794c0,0x00000000c8180000)
 Metaspace       used 70524K, capacity 78959K, committed 79232K, reserved 1118208K
  class space    used 9943K, capacity 10834K, committed 10880K, reserved 1048576K
}
Event: 33.731 GC heap before
{Heap before GC invocations=15 (full 3):
 PSYoungGen      total 191488K, used 191483K [0x00000000eab00000, 0x00000000f8e80000, 0x0000000100000000)
  eden space 179200K, 100% used [0x00000000eab00000,0x00000000f5a00000,0x00000000f5a00000)
  from space 12288K, 99% used [0x00000000f5a00000,0x00000000f65feef0,0x00000000f6600000)
  to   space 15872K, 0% used [0x00000000f7f00000,0x00000000f7f00000,0x00000000f8e80000)
 ParOldGen       total 132608K, used 24037K [0x00000000c0000000, 0x00000000c8180000, 0x00000000eab00000)
  object space 132608K, 18% used [0x00000000c0000000,0x00000000c17794c0,0x00000000c8180000)
 Metaspace       used 83248K, capacity 92071K, committed 92288K, reserved 1128448K
  class space    used 11672K, capacity 12587K, committed 12672K, reserved 1048576K
Event: 33.755 GC heap after
Heap after GC invocations=15 (full 3):
 PSYoungGen      total 212480K, used 15862K [0x00000000eab00000, 0x00000000f9b80000, 0x0000000100000000)
  eden space 196608K, 0% used [0x00000000eab00000,0x00000000eab00000,0x00000000f6b00000)
  from space 15872K, 99% used [0x00000000f7f00000,0x00000000f8e7d860,0x00000000f8e80000)
  to   space 20480K, 0% used [0x00000000f6b00000,0x00000000f6b00000,0x00000000f7f00000)
 ParOldGen       total 132608K, used 31885K [0x00000000c0000000, 0x00000000c8180000, 0x00000000eab00000)
  object space 132608K, 24% used [0x00000000c0000000,0x00000000c1f23760,0x00000000c8180000)
 Metaspace       used 83248K, capacity 92071K, committed 92288K, reserved 1128448K
  class space    used 11672K, capacity 12587K, committed 12672K, reserved 1048576K
}
Event: 34.938 GC heap before
{Heap before GC invocations=16 (full 3):
 PSYoungGen      total 212480K, used 86296K [0x00000000eab00000, 0x00000000f9b80000, 0x0000000100000000)
  eden space 196608K, 35% used [0x00000000eab00000,0x00000000eefc8b38,0x00000000f6b00000)
  from space 15872K, 99% used [0x00000000f7f00000,0x00000000f8e7d860,0x00000000f8e80000)
  to   space 20480K, 0% used [0x00000000f6b00000,0x00000000f6b00000,0x00000000f7f00000)
 ParOldGen       total 132608K, used 31885K [0x00000000c0000000, 0x00000000c8180000, 0x00000000eab00000)
  object space 132608K, 24% used [0x00000000c0000000,0x00000000c1f23760,0x00000000c8180000)
 Metaspace       used 89042K, capacity 98421K, committed 98496K, reserved 1134592K
  class space    used 12535K, capacity 13473K, committed 13504K, reserved 1048576K
Event: 34.952 GC heap after
Heap after GC invocations=16 (full 3):
 PSYoungGen      total 217088K, used 5410K [0x00000000eab00000, 0x00000000fb400000, 0x0000000100000000)
  eden space 196608K, 0% used [0x00000000eab00000,0x00000000eab00000,0x00000000f6b00000)
  from space 20480K, 26% used [0x00000000f6b00000,0x00000000f7048a38,0x00000000f7f00000)
  to   space 20480K, 0% used [0x00000000fa000000,0x00000000fa000000,0x00000000fb400000)
 ParOldGen       total 132608K, used 41150K [0x00000000c0000000, 0x00000000c8180000, 0x00000000eab00000)
  object space 132608K, 31% used [0x00000000c0000000,0x00000000c282f9a8,0x00000000c8180000)
 Metaspace       used 89042K, capacity 98421K, committed 98496K, reserved 1134592K
  class space    used 12535K, capacity 13473K, committed 13504K, reserved 1048576K
}
Event: 34.952 GC heap before
{Heap before GC invocations=17 (full 4):
 PSYoungGen      total 217088K, used 5410K [0x00000000eab00000, 0x00000000fb400000, 0x0000000100000000)
  eden space 196608K, 0% used [0x00000000eab00000,0x00000000eab00000,0x00000000f6b00000)
  from space 20480K, 26% used [0x00000000f6b00000,0x00000000f7048a38,0x00000000f7f00000)
  to   space 20480K, 0% used [0x00000000fa000000,0x00000000fa000000,0x00000000fb400000)
 ParOldGen       total 132608K, used 41150K [0x00000000c0000000, 0x00000000c8180000, 0x00000000eab00000)
  object space 132608K, 31% used [0x00000000c0000000,0x00000000c282f9a8,0x00000000c8180000)
 Metaspace       used 89042K, capacity 98421K, committed 98496K, reserved 1134592K
  class space    used 12535K, capacity 13473K, committed 13504K, reserved 1048576K
Event: 35.091 GC heap after
Heap after GC invocations=17 (full 4):
 PSYoungGen      total 217088K, used 0K [0x00000000eab00000, 0x00000000fb400000, 0x0000000100000000)
  eden space 196608K, 0% used [0x00000000eab00000,0x00000000eab00000,0x00000000f6b00000)
  from space 20480K, 0% used [0x00000000f6b00000,0x00000000f6b00000,0x00000000f7f00000)
  to   space 20480K, 0% used [0x00000000fa000000,0x00000000fa000000,0x00000000fb400000)
 ParOldGen       total 196096K, used 31009K [0x00000000c0000000, 0x00000000cbf80000, 0x00000000eab00000)
  object space 196096K, 15% used [0x00000000c0000000,0x00000000c1e487f8,0x00000000cbf80000)
 Metaspace       used 89026K, capacity 98385K, committed 98496K, reserved 1134592K
  class space    used 12530K, capacity 13467K, committed 13504K, reserved 1048576K
}

